2025-05-29 13:48:12,964 - INFO - root - Hello! This is Joey-NMT (version 2.2.0).
2025-05-29 13:48:13,040 - INFO - joeynmt.model - Building an encoder-decoder model...
2025-05-29 13:48:13,100 - INFO - joeynmt.model - Enc-dec model built.
2025-05-29 13:48:13,159 - INFO - joeynmt.helpers - Load model from /Users/jingma/Desktop/machine_translation/mt-exercise-4/models/transformer_bpe_3200/40500.ckpt.
2025-05-29 13:48:13,167 - INFO - joeynmt.tokenizers - it tokenizer: SubwordNMTTokenizer(level=bpe, lowercase=False, normalize=False, filter_by_length=(-1, -1), pretokenizer=none, tokenizer=BPE, separator=@@, dropout=0.0)
2025-05-29 13:48:13,167 - INFO - joeynmt.tokenizers - en tokenizer: SubwordNMTTokenizer(level=bpe, lowercase=False, normalize=False, filter_by_length=(-1, -1), pretokenizer=none, tokenizer=BPE, separator=@@, dropout=0.0)
2025-05-29 13:48:13,170 - WARNING - joeynmt.helpers - `alpha` option is obsolete. Please use `beam_alpha`, instead.
2025-05-29 13:48:13,170 - INFO - joeynmt.prediction - Predicting 1566 example(s)... (Beam search with beam_size=5, beam_alpha=1.0, n_best=1, min_output_length=1, max_output_length=-1, return_prob='none', generate_unk=True, repetition_penalty=-1, no_repeat_ngram_size=-1)
2025-05-29 13:49:23,376 - INFO - joeynmt.prediction - Generation took 70.1953[sec]. (No references given)
2025-05-29 13:52:18,578 - INFO - root - Hello! This is Joey-NMT (version 2.2.0).
2025-05-29 13:52:18,653 - INFO - joeynmt.model - Building an encoder-decoder model...
2025-05-29 13:52:18,711 - INFO - joeynmt.model - Enc-dec model built.
2025-05-29 13:52:18,766 - INFO - joeynmt.helpers - Load model from /Users/jingma/Desktop/machine_translation/mt-exercise-4/models/transformer_bpe_3200/40500.ckpt.
2025-05-29 13:52:18,775 - INFO - joeynmt.tokenizers - it tokenizer: SubwordNMTTokenizer(level=bpe, lowercase=False, normalize=False, filter_by_length=(-1, -1), pretokenizer=none, tokenizer=BPE, separator=@@, dropout=0.0)
2025-05-29 13:52:18,775 - INFO - joeynmt.tokenizers - en tokenizer: SubwordNMTTokenizer(level=bpe, lowercase=False, normalize=False, filter_by_length=(-1, -1), pretokenizer=none, tokenizer=BPE, separator=@@, dropout=0.0)
2025-05-29 13:52:18,777 - WARNING - joeynmt.helpers - `alpha` option is obsolete. Please use `beam_alpha`, instead.
2025-05-29 13:52:18,778 - INFO - joeynmt.prediction - Predicting 1566 example(s)... (Beam search with beam_size=7, beam_alpha=1.0, n_best=1, min_output_length=1, max_output_length=-1, return_prob='none', generate_unk=True, repetition_penalty=-1, no_repeat_ngram_size=-1)
2025-05-29 13:53:55,084 - INFO - joeynmt.prediction - Generation took 96.2959[sec]. (No references given)
2025-05-29 13:55:06,408 - INFO - root - Hello! This is Joey-NMT (version 2.2.0).
2025-05-29 13:55:06,486 - INFO - joeynmt.model - Building an encoder-decoder model...
2025-05-29 13:55:06,550 - INFO - joeynmt.model - Enc-dec model built.
2025-05-29 13:55:06,612 - INFO - joeynmt.helpers - Load model from /Users/jingma/Desktop/machine_translation/mt-exercise-4/models/transformer_bpe_3200/40500.ckpt.
2025-05-29 13:55:06,621 - INFO - joeynmt.tokenizers - it tokenizer: SubwordNMTTokenizer(level=bpe, lowercase=False, normalize=False, filter_by_length=(-1, -1), pretokenizer=none, tokenizer=BPE, separator=@@, dropout=0.0)
2025-05-29 13:55:06,621 - INFO - joeynmt.tokenizers - en tokenizer: SubwordNMTTokenizer(level=bpe, lowercase=False, normalize=False, filter_by_length=(-1, -1), pretokenizer=none, tokenizer=BPE, separator=@@, dropout=0.0)
2025-05-29 13:55:06,624 - WARNING - joeynmt.helpers - `alpha` option is obsolete. Please use `beam_alpha`, instead.
2025-05-29 13:55:06,624 - INFO - joeynmt.prediction - Predicting 1566 example(s)... (Beam search with beam_size=5, beam_alpha=1.0, n_best=1, min_output_length=1, max_output_length=-1, return_prob='none', generate_unk=True, repetition_penalty=-1, no_repeat_ngram_size=-1)
2025-05-29 13:55:56,940 - INFO - root - Hello! This is Joey-NMT (version 2.2.0).
2025-05-29 13:55:57,015 - INFO - joeynmt.model - Building an encoder-decoder model...
2025-05-29 13:55:57,060 - INFO - joeynmt.model - Enc-dec model built.
2025-05-29 13:55:57,118 - INFO - joeynmt.helpers - Load model from /Users/jingma/Desktop/machine_translation/mt-exercise-4/models/transformer_bpe_3200/40500.ckpt.
2025-05-29 13:55:57,126 - INFO - joeynmt.tokenizers - it tokenizer: SubwordNMTTokenizer(level=bpe, lowercase=False, normalize=False, filter_by_length=(-1, -1), pretokenizer=none, tokenizer=BPE, separator=@@, dropout=0.0)
2025-05-29 13:55:57,127 - INFO - joeynmt.tokenizers - en tokenizer: SubwordNMTTokenizer(level=bpe, lowercase=False, normalize=False, filter_by_length=(-1, -1), pretokenizer=none, tokenizer=BPE, separator=@@, dropout=0.0)
2025-05-29 13:55:57,129 - WARNING - joeynmt.helpers - `alpha` option is obsolete. Please use `beam_alpha`, instead.
2025-05-29 13:55:57,129 - INFO - joeynmt.prediction - Predicting 1566 example(s)... (Beam search with beam_size=5, beam_alpha=1.0, n_best=1, min_output_length=1, max_output_length=-1, return_prob='none', generate_unk=True, repetition_penalty=-1, no_repeat_ngram_size=-1)
2025-05-29 13:57:15,328 - INFO - root - Hello! This is Joey-NMT (version 2.2.0).
2025-05-29 13:57:15,412 - INFO - joeynmt.model - Building an encoder-decoder model...
2025-05-29 13:57:15,483 - INFO - joeynmt.model - Enc-dec model built.
2025-05-29 13:57:15,543 - INFO - joeynmt.helpers - Load model from /Users/jingma/Desktop/machine_translation/mt-exercise-4/models/transformer_bpe_3200/40500.ckpt.
2025-05-29 13:57:15,551 - INFO - joeynmt.tokenizers - it tokenizer: SubwordNMTTokenizer(level=bpe, lowercase=False, normalize=False, filter_by_length=(-1, -1), pretokenizer=none, tokenizer=BPE, separator=@@, dropout=0.0)
2025-05-29 13:57:15,551 - INFO - joeynmt.tokenizers - en tokenizer: SubwordNMTTokenizer(level=bpe, lowercase=False, normalize=False, filter_by_length=(-1, -1), pretokenizer=none, tokenizer=BPE, separator=@@, dropout=0.0)
2025-05-29 13:57:15,554 - WARNING - joeynmt.helpers - `alpha` option is obsolete. Please use `beam_alpha`, instead.
2025-05-29 13:57:15,554 - INFO - joeynmt.prediction - Predicting 1566 example(s)... (Beam search with beam_size=5, beam_alpha=1.0, n_best=1, min_output_length=1, max_output_length=-1, return_prob='none', generate_unk=True, repetition_penalty=-1, no_repeat_ngram_size=-1)
2025-05-29 13:58:23,822 - INFO - joeynmt.prediction - Generation took 68.2584[sec]. (No references given)
2025-05-29 13:59:32,973 - INFO - root - Hello! This is Joey-NMT (version 2.2.0).
2025-05-29 13:59:33,048 - INFO - joeynmt.model - Building an encoder-decoder model...
2025-05-29 13:59:33,113 - INFO - joeynmt.model - Enc-dec model built.
2025-05-29 13:59:33,180 - INFO - joeynmt.helpers - Load model from /Users/jingma/Desktop/machine_translation/mt-exercise-4/models/transformer_bpe_3200/40500.ckpt.
2025-05-29 13:59:33,189 - INFO - joeynmt.tokenizers - it tokenizer: SubwordNMTTokenizer(level=bpe, lowercase=False, normalize=False, filter_by_length=(-1, -1), pretokenizer=none, tokenizer=BPE, separator=@@, dropout=0.0)
2025-05-29 13:59:33,189 - INFO - joeynmt.tokenizers - en tokenizer: SubwordNMTTokenizer(level=bpe, lowercase=False, normalize=False, filter_by_length=(-1, -1), pretokenizer=none, tokenizer=BPE, separator=@@, dropout=0.0)
2025-05-29 13:59:33,192 - WARNING - joeynmt.helpers - `alpha` option is obsolete. Please use `beam_alpha`, instead.
2025-05-29 13:59:33,192 - INFO - joeynmt.prediction - Predicting 1566 example(s)... (Beam search with beam_size=3, beam_alpha=1.0, n_best=1, min_output_length=1, max_output_length=-1, return_prob='none', generate_unk=True, repetition_penalty=-1, no_repeat_ngram_size=-1)
2025-05-29 14:00:14,540 - INFO - joeynmt.prediction - Generation took 41.3388[sec]. (No references given)
2025-05-29 14:00:51,823 - INFO - root - Hello! This is Joey-NMT (version 2.2.0).
2025-05-29 14:00:51,897 - INFO - joeynmt.model - Building an encoder-decoder model...
2025-05-29 14:00:51,962 - INFO - joeynmt.model - Enc-dec model built.
2025-05-29 14:00:52,024 - INFO - joeynmt.helpers - Load model from /Users/jingma/Desktop/machine_translation/mt-exercise-4/models/transformer_bpe_3200/40500.ckpt.
2025-05-29 14:00:52,032 - INFO - joeynmt.tokenizers - it tokenizer: SubwordNMTTokenizer(level=bpe, lowercase=False, normalize=False, filter_by_length=(-1, -1), pretokenizer=none, tokenizer=BPE, separator=@@, dropout=0.0)
2025-05-29 14:00:52,032 - INFO - joeynmt.tokenizers - en tokenizer: SubwordNMTTokenizer(level=bpe, lowercase=False, normalize=False, filter_by_length=(-1, -1), pretokenizer=none, tokenizer=BPE, separator=@@, dropout=0.0)
2025-05-29 14:00:52,035 - WARNING - joeynmt.helpers - `alpha` option is obsolete. Please use `beam_alpha`, instead.
2025-05-29 14:00:52,035 - INFO - joeynmt.prediction - Predicting 1566 example(s)... (Beam search with beam_size=7, beam_alpha=1.0, n_best=1, min_output_length=1, max_output_length=-1, return_prob='none', generate_unk=True, repetition_penalty=-1, no_repeat_ngram_size=-1)
2025-05-29 14:02:26,649 - INFO - joeynmt.prediction - Generation took 94.6044[sec]. (No references given)
2025-05-29 14:03:02,027 - INFO - root - Hello! This is Joey-NMT (version 2.2.0).
2025-05-29 14:03:02,101 - INFO - joeynmt.model - Building an encoder-decoder model...
2025-05-29 14:03:02,163 - INFO - joeynmt.model - Enc-dec model built.
2025-05-29 14:03:02,224 - INFO - joeynmt.helpers - Load model from /Users/jingma/Desktop/machine_translation/mt-exercise-4/models/transformer_bpe_3200/40500.ckpt.
2025-05-29 14:03:02,233 - INFO - joeynmt.tokenizers - it tokenizer: SubwordNMTTokenizer(level=bpe, lowercase=False, normalize=False, filter_by_length=(-1, -1), pretokenizer=none, tokenizer=BPE, separator=@@, dropout=0.0)
2025-05-29 14:03:02,233 - INFO - joeynmt.tokenizers - en tokenizer: SubwordNMTTokenizer(level=bpe, lowercase=False, normalize=False, filter_by_length=(-1, -1), pretokenizer=none, tokenizer=BPE, separator=@@, dropout=0.0)
2025-05-29 14:03:02,236 - WARNING - joeynmt.helpers - `alpha` option is obsolete. Please use `beam_alpha`, instead.
2025-05-29 14:03:02,236 - INFO - joeynmt.prediction - Predicting 1566 example(s)... (Beam search with beam_size=9, beam_alpha=1.0, n_best=1, min_output_length=1, max_output_length=-1, return_prob='none', generate_unk=True, repetition_penalty=-1, no_repeat_ngram_size=-1)
2025-05-29 14:05:12,415 - INFO - joeynmt.prediction - Generation took 130.1691[sec]. (No references given)
2025-05-29 14:05:54,490 - INFO - root - Hello! This is Joey-NMT (version 2.2.0).
2025-05-29 14:05:54,628 - INFO - joeynmt.model - Building an encoder-decoder model...
2025-05-29 14:05:54,696 - INFO - joeynmt.model - Enc-dec model built.
2025-05-29 14:05:54,754 - INFO - joeynmt.helpers - Load model from /Users/jingma/Desktop/machine_translation/mt-exercise-4/models/transformer_bpe_3200/40500.ckpt.
2025-05-29 14:05:54,763 - INFO - joeynmt.tokenizers - it tokenizer: SubwordNMTTokenizer(level=bpe, lowercase=False, normalize=False, filter_by_length=(-1, -1), pretokenizer=none, tokenizer=BPE, separator=@@, dropout=0.0)
2025-05-29 14:05:54,764 - INFO - joeynmt.tokenizers - en tokenizer: SubwordNMTTokenizer(level=bpe, lowercase=False, normalize=False, filter_by_length=(-1, -1), pretokenizer=none, tokenizer=BPE, separator=@@, dropout=0.0)
2025-05-29 14:05:54,767 - WARNING - joeynmt.helpers - `alpha` option is obsolete. Please use `beam_alpha`, instead.
2025-05-29 14:05:54,767 - INFO - joeynmt.prediction - Predicting 1566 example(s)... (Beam search with beam_size=11, beam_alpha=1.0, n_best=1, min_output_length=1, max_output_length=-1, return_prob='none', generate_unk=True, repetition_penalty=-1, no_repeat_ngram_size=-1)
2025-05-29 14:08:30,030 - INFO - joeynmt.prediction - Generation took 155.2546[sec]. (No references given)
2025-05-29 14:08:54,347 - INFO - root - Hello! This is Joey-NMT (version 2.2.0).
2025-05-29 14:08:54,423 - INFO - joeynmt.model - Building an encoder-decoder model...
2025-05-29 14:08:54,493 - INFO - joeynmt.model - Enc-dec model built.
2025-05-29 14:08:54,556 - INFO - joeynmt.helpers - Load model from /Users/jingma/Desktop/machine_translation/mt-exercise-4/models/transformer_bpe_3200/40500.ckpt.
2025-05-29 14:08:54,565 - INFO - joeynmt.tokenizers - it tokenizer: SubwordNMTTokenizer(level=bpe, lowercase=False, normalize=False, filter_by_length=(-1, -1), pretokenizer=none, tokenizer=BPE, separator=@@, dropout=0.0)
2025-05-29 14:08:54,566 - INFO - joeynmt.tokenizers - en tokenizer: SubwordNMTTokenizer(level=bpe, lowercase=False, normalize=False, filter_by_length=(-1, -1), pretokenizer=none, tokenizer=BPE, separator=@@, dropout=0.0)
2025-05-29 14:08:54,569 - WARNING - joeynmt.helpers - `alpha` option is obsolete. Please use `beam_alpha`, instead.
2025-05-29 14:08:54,569 - INFO - joeynmt.prediction - Predicting 1566 example(s)... (Beam search with beam_size=4, beam_alpha=1.0, n_best=1, min_output_length=1, max_output_length=-1, return_prob='none', generate_unk=True, repetition_penalty=-1, no_repeat_ngram_size=-1)
2025-05-29 14:09:52,410 - INFO - joeynmt.prediction - Generation took 57.8321[sec]. (No references given)
2025-05-29 14:10:21,855 - INFO - root - Hello! This is Joey-NMT (version 2.2.0).
2025-05-29 14:10:21,931 - INFO - joeynmt.model - Building an encoder-decoder model...
2025-05-29 14:10:21,999 - INFO - joeynmt.model - Enc-dec model built.
2025-05-29 14:10:22,060 - INFO - joeynmt.helpers - Load model from /Users/jingma/Desktop/machine_translation/mt-exercise-4/models/transformer_bpe_3200/40500.ckpt.
2025-05-29 14:10:22,068 - INFO - joeynmt.tokenizers - it tokenizer: SubwordNMTTokenizer(level=bpe, lowercase=False, normalize=False, filter_by_length=(-1, -1), pretokenizer=none, tokenizer=BPE, separator=@@, dropout=0.0)
2025-05-29 14:10:22,068 - INFO - joeynmt.tokenizers - en tokenizer: SubwordNMTTokenizer(level=bpe, lowercase=False, normalize=False, filter_by_length=(-1, -1), pretokenizer=none, tokenizer=BPE, separator=@@, dropout=0.0)
2025-05-29 14:10:22,071 - WARNING - joeynmt.helpers - `alpha` option is obsolete. Please use `beam_alpha`, instead.
2025-05-29 14:10:22,071 - INFO - joeynmt.prediction - Predicting 1566 example(s)... (Beam search with beam_size=6, beam_alpha=1.0, n_best=1, min_output_length=1, max_output_length=-1, return_prob='none', generate_unk=True, repetition_penalty=-1, no_repeat_ngram_size=-1)
2025-05-29 14:11:48,637 - INFO - joeynmt.prediction - Generation took 86.5538[sec]. (No references given)
2025-05-29 14:12:55,620 - INFO - root - Hello! This is Joey-NMT (version 2.2.0).
2025-05-29 14:12:55,726 - INFO - joeynmt.model - Building an encoder-decoder model...
2025-05-29 14:12:55,788 - INFO - joeynmt.model - Enc-dec model built.
2025-05-29 14:12:55,842 - INFO - joeynmt.helpers - Load model from /Users/jingma/Desktop/machine_translation/mt-exercise-4/models/transformer_bpe_3200/40500.ckpt.
2025-05-29 14:12:55,851 - INFO - joeynmt.tokenizers - it tokenizer: SubwordNMTTokenizer(level=bpe, lowercase=False, normalize=False, filter_by_length=(-1, -1), pretokenizer=none, tokenizer=BPE, separator=@@, dropout=0.0)
2025-05-29 14:12:55,851 - INFO - joeynmt.tokenizers - en tokenizer: SubwordNMTTokenizer(level=bpe, lowercase=False, normalize=False, filter_by_length=(-1, -1), pretokenizer=none, tokenizer=BPE, separator=@@, dropout=0.0)
2025-05-29 14:12:55,854 - WARNING - joeynmt.helpers - `alpha` option is obsolete. Please use `beam_alpha`, instead.
2025-05-29 14:12:55,854 - INFO - joeynmt.prediction - Predicting 1566 example(s)... (Beam search with beam_size=8, beam_alpha=1.0, n_best=1, min_output_length=1, max_output_length=-1, return_prob='none', generate_unk=True, repetition_penalty=-1, no_repeat_ngram_size=-1)
2025-05-29 14:14:48,291 - INFO - joeynmt.prediction - Generation took 112.4281[sec]. (No references given)
2025-05-29 14:15:39,659 - INFO - root - Hello! This is Joey-NMT (version 2.2.0).
2025-05-29 14:15:39,734 - INFO - joeynmt.model - Building an encoder-decoder model...
2025-05-29 14:15:39,796 - INFO - joeynmt.model - Enc-dec model built.
2025-05-29 14:15:39,857 - INFO - joeynmt.helpers - Load model from /Users/jingma/Desktop/machine_translation/mt-exercise-4/models/transformer_bpe_3200/40500.ckpt.
2025-05-29 14:15:39,867 - INFO - joeynmt.tokenizers - it tokenizer: SubwordNMTTokenizer(level=bpe, lowercase=False, normalize=False, filter_by_length=(-1, -1), pretokenizer=none, tokenizer=BPE, separator=@@, dropout=0.0)
2025-05-29 14:15:39,867 - INFO - joeynmt.tokenizers - en tokenizer: SubwordNMTTokenizer(level=bpe, lowercase=False, normalize=False, filter_by_length=(-1, -1), pretokenizer=none, tokenizer=BPE, separator=@@, dropout=0.0)
2025-05-29 14:15:39,870 - WARNING - joeynmt.helpers - `alpha` option is obsolete. Please use `beam_alpha`, instead.
2025-05-29 14:15:39,870 - INFO - joeynmt.prediction - Predicting 1566 example(s)... (Beam search with beam_size=10, beam_alpha=1.0, n_best=1, min_output_length=1, max_output_length=-1, return_prob='none', generate_unk=True, repetition_penalty=-1, no_repeat_ngram_size=-1)
2025-05-29 14:18:00,289 - INFO - joeynmt.prediction - Generation took 140.4100[sec]. (No references given)
2025-05-29 14:18:34,206 - INFO - root - Hello! This is Joey-NMT (version 2.2.0).
2025-05-29 14:18:34,282 - INFO - joeynmt.model - Building an encoder-decoder model...
2025-05-29 14:18:34,320 - INFO - joeynmt.model - Enc-dec model built.
2025-05-29 14:18:34,376 - INFO - joeynmt.helpers - Load model from /Users/jingma/Desktop/machine_translation/mt-exercise-4/models/transformer_bpe_3200/40500.ckpt.
2025-05-29 14:18:34,386 - INFO - joeynmt.tokenizers - it tokenizer: SubwordNMTTokenizer(level=bpe, lowercase=False, normalize=False, filter_by_length=(-1, -1), pretokenizer=none, tokenizer=BPE, separator=@@, dropout=0.0)
2025-05-29 14:18:34,386 - INFO - joeynmt.tokenizers - en tokenizer: SubwordNMTTokenizer(level=bpe, lowercase=False, normalize=False, filter_by_length=(-1, -1), pretokenizer=none, tokenizer=BPE, separator=@@, dropout=0.0)
2025-05-29 14:18:34,389 - WARNING - joeynmt.helpers - `alpha` option is obsolete. Please use `beam_alpha`, instead.
2025-05-29 14:18:34,389 - INFO - joeynmt.prediction - Predicting 1566 example(s)... (Beam search with beam_size=12, beam_alpha=1.0, n_best=1, min_output_length=1, max_output_length=-1, return_prob='none', generate_unk=True, repetition_penalty=-1, no_repeat_ngram_size=-1)
2025-05-29 14:21:22,750 - INFO - joeynmt.prediction - Generation took 168.3532[sec]. (No references given)
